This is pdfTeX, Version 3.14159265-2.6-1.40.15 (TeX Live 2014) (preloaded format=pdflatex 2015.4.17)  19 MAY 2017 23:53
entering extended mode
 \write18 enabled.
 %&-line parsing enabled.
**report.tex
(./report.tex
LaTeX2e <2014/05/01>
Babel <3.9k> and hyphenation patterns for 78 languages loaded.
(/usr/local/texlive/2014/texmf-dist/tex/latex/base/report.cls
Document Class: report 2007/10/19 v1.4h Standard LaTeX document class
(/usr/local/texlive/2014/texmf-dist/tex/latex/base/size12.clo
File: size12.clo 2007/10/19 v1.4h Standard LaTeX file (size option)
)
\c@part=\count79
\c@chapter=\count80
\c@section=\count81
\c@subsection=\count82
\c@subsubsection=\count83
\c@paragraph=\count84
\c@subparagraph=\count85
\c@figure=\count86
\c@table=\count87
\abovecaptionskip=\skip41
\belowcaptionskip=\skip42
\bibindent=\dimen102
)
(/usr/local/texlive/2014/texmf-dist/tex/latex/base/inputenc.sty
Package: inputenc 2014/04/30 v1.2b Input encoding file
\inpenc@prehook=\toks14
\inpenc@posthook=\toks15

(/usr/local/texlive/2014/texmf-dist/tex/latex/base/utf8.def
File: utf8.def 2008/04/05 v1.1m UTF-8 support for inputenc
Now handling font encoding OML ...
... no UTF-8 mapping file for font encoding OML
Now handling font encoding T1 ...
... processing UTF-8 mapping file for font encoding T1

(/usr/local/texlive/2014/texmf-dist/tex/latex/base/t1enc.dfu
File: t1enc.dfu 2008/04/05 v1.1m UTF-8 support for inputenc
   defining Unicode char U+00A1 (decimal 161)
   defining Unicode char U+00A3 (decimal 163)
   defining Unicode char U+00AB (decimal 171)
   defining Unicode char U+00BB (decimal 187)
   defining Unicode char U+00BF (decimal 191)
   defining Unicode char U+00C0 (decimal 192)
   defining Unicode char U+00C1 (decimal 193)
   defining Unicode char U+00C2 (decimal 194)
   defining Unicode char U+00C3 (decimal 195)
   defining Unicode char U+00C4 (decimal 196)
   defining Unicode char U+00C5 (decimal 197)
   defining Unicode char U+00C6 (decimal 198)
   defining Unicode char U+00C7 (decimal 199)
   defining Unicode char U+00C8 (decimal 200)
   defining Unicode char U+00C9 (decimal 201)
   defining Unicode char U+00CA (decimal 202)
   defining Unicode char U+00CB (decimal 203)
   defining Unicode char U+00CC (decimal 204)
   defining Unicode char U+00CD (decimal 205)
   defining Unicode char U+00CE (decimal 206)
   defining Unicode char U+00CF (decimal 207)
   defining Unicode char U+00D0 (decimal 208)
   defining Unicode char U+00D1 (decimal 209)
   defining Unicode char U+00D2 (decimal 210)
   defining Unicode char U+00D3 (decimal 211)
   defining Unicode char U+00D4 (decimal 212)
   defining Unicode char U+00D5 (decimal 213)
   defining Unicode char U+00D6 (decimal 214)
   defining Unicode char U+00D8 (decimal 216)
   defining Unicode char U+00D9 (decimal 217)
   defining Unicode char U+00DA (decimal 218)
   defining Unicode char U+00DB (decimal 219)
   defining Unicode char U+00DC (decimal 220)
   defining Unicode char U+00DD (decimal 221)
   defining Unicode char U+00DE (decimal 222)
   defining Unicode char U+00DF (decimal 223)
   defining Unicode char U+00E0 (decimal 224)
   defining Unicode char U+00E1 (decimal 225)
   defining Unicode char U+00E2 (decimal 226)
   defining Unicode char U+00E3 (decimal 227)
   defining Unicode char U+00E4 (decimal 228)
   defining Unicode char U+00E5 (decimal 229)
   defining Unicode char U+00E6 (decimal 230)
   defining Unicode char U+00E7 (decimal 231)
   defining Unicode char U+00E8 (decimal 232)
   defining Unicode char U+00E9 (decimal 233)
   defining Unicode char U+00EA (decimal 234)
   defining Unicode char U+00EB (decimal 235)
   defining Unicode char U+00EC (decimal 236)
   defining Unicode char U+00ED (decimal 237)
   defining Unicode char U+00EE (decimal 238)
   defining Unicode char U+00EF (decimal 239)
   defining Unicode char U+00F0 (decimal 240)
   defining Unicode char U+00F1 (decimal 241)
   defining Unicode char U+00F2 (decimal 242)
   defining Unicode char U+00F3 (decimal 243)
   defining Unicode char U+00F4 (decimal 244)
   defining Unicode char U+00F5 (decimal 245)
   defining Unicode char U+00F6 (decimal 246)
   defining Unicode char U+00F8 (decimal 248)
   defining Unicode char U+00F9 (decimal 249)
   defining Unicode char U+00FA (decimal 250)
   defining Unicode char U+00FB (decimal 251)
   defining Unicode char U+00FC (decimal 252)
   defining Unicode char U+00FD (decimal 253)
   defining Unicode char U+00FE (decimal 254)
   defining Unicode char U+00FF (decimal 255)
   defining Unicode char U+0102 (decimal 258)
   defining Unicode char U+0103 (decimal 259)
   defining Unicode char U+0104 (decimal 260)
   defining Unicode char U+0105 (decimal 261)
   defining Unicode char U+0106 (decimal 262)
   defining Unicode char U+0107 (decimal 263)
   defining Unicode char U+010C (decimal 268)
   defining Unicode char U+010D (decimal 269)
   defining Unicode char U+010E (decimal 270)
   defining Unicode char U+010F (decimal 271)
   defining Unicode char U+0110 (decimal 272)
   defining Unicode char U+0111 (decimal 273)
   defining Unicode char U+0118 (decimal 280)
   defining Unicode char U+0119 (decimal 281)
   defining Unicode char U+011A (decimal 282)
   defining Unicode char U+011B (decimal 283)
   defining Unicode char U+011E (decimal 286)
   defining Unicode char U+011F (decimal 287)
   defining Unicode char U+0130 (decimal 304)
   defining Unicode char U+0131 (decimal 305)
   defining Unicode char U+0132 (decimal 306)
   defining Unicode char U+0133 (decimal 307)
   defining Unicode char U+0139 (decimal 313)
   defining Unicode char U+013A (decimal 314)
   defining Unicode char U+013D (decimal 317)
   defining Unicode char U+013E (decimal 318)
   defining Unicode char U+0141 (decimal 321)
   defining Unicode char U+0142 (decimal 322)
   defining Unicode char U+0143 (decimal 323)
   defining Unicode char U+0144 (decimal 324)
   defining Unicode char U+0147 (decimal 327)
   defining Unicode char U+0148 (decimal 328)
   defining Unicode char U+014A (decimal 330)
   defining Unicode char U+014B (decimal 331)
   defining Unicode char U+0150 (decimal 336)
   defining Unicode char U+0151 (decimal 337)
   defining Unicode char U+0152 (decimal 338)
   defining Unicode char U+0153 (decimal 339)
   defining Unicode char U+0154 (decimal 340)
   defining Unicode char U+0155 (decimal 341)
   defining Unicode char U+0158 (decimal 344)
   defining Unicode char U+0159 (decimal 345)
   defining Unicode char U+015A (decimal 346)
   defining Unicode char U+015B (decimal 347)
   defining Unicode char U+015E (decimal 350)
   defining Unicode char U+015F (decimal 351)
   defining Unicode char U+0160 (decimal 352)
   defining Unicode char U+0161 (decimal 353)
   defining Unicode char U+0162 (decimal 354)
   defining Unicode char U+0163 (decimal 355)
   defining Unicode char U+0164 (decimal 356)
   defining Unicode char U+0165 (decimal 357)
   defining Unicode char U+016E (decimal 366)
   defining Unicode char U+016F (decimal 367)
   defining Unicode char U+0170 (decimal 368)
   defining Unicode char U+0171 (decimal 369)
   defining Unicode char U+0178 (decimal 376)
   defining Unicode char U+0179 (decimal 377)
   defining Unicode char U+017A (decimal 378)
   defining Unicode char U+017B (decimal 379)
   defining Unicode char U+017C (decimal 380)
   defining Unicode char U+017D (decimal 381)
   defining Unicode char U+017E (decimal 382)
   defining Unicode char U+200C (decimal 8204)
   defining Unicode char U+2013 (decimal 8211)
   defining Unicode char U+2014 (decimal 8212)
   defining Unicode char U+2018 (decimal 8216)
   defining Unicode char U+2019 (decimal 8217)
   defining Unicode char U+201A (decimal 8218)
   defining Unicode char U+201C (decimal 8220)
   defining Unicode char U+201D (decimal 8221)
   defining Unicode char U+201E (decimal 8222)
   defining Unicode char U+2030 (decimal 8240)
   defining Unicode char U+2031 (decimal 8241)
   defining Unicode char U+2039 (decimal 8249)
   defining Unicode char U+203A (decimal 8250)
   defining Unicode char U+2423 (decimal 9251)
)
Now handling font encoding OT1 ...
... processing UTF-8 mapping file for font encoding OT1

(/usr/local/texlive/2014/texmf-dist/tex/latex/base/ot1enc.dfu
File: ot1enc.dfu 2008/04/05 v1.1m UTF-8 support for inputenc
   defining Unicode char U+00A1 (decimal 161)
   defining Unicode char U+00A3 (decimal 163)
   defining Unicode char U+00B8 (decimal 184)
   defining Unicode char U+00BF (decimal 191)
   defining Unicode char U+00C5 (decimal 197)
   defining Unicode char U+00C6 (decimal 198)
   defining Unicode char U+00D8 (decimal 216)
   defining Unicode char U+00DF (decimal 223)
   defining Unicode char U+00E6 (decimal 230)
   defining Unicode char U+00EC (decimal 236)
   defining Unicode char U+00ED (decimal 237)
   defining Unicode char U+00EE (decimal 238)
   defining Unicode char U+00EF (decimal 239)
   defining Unicode char U+00F8 (decimal 248)
   defining Unicode char U+0131 (decimal 305)
   defining Unicode char U+0141 (decimal 321)
   defining Unicode char U+0142 (decimal 322)
   defining Unicode char U+0152 (decimal 338)
   defining Unicode char U+0153 (decimal 339)
   defining Unicode char U+2013 (decimal 8211)
   defining Unicode char U+2014 (decimal 8212)
   defining Unicode char U+2018 (decimal 8216)
   defining Unicode char U+2019 (decimal 8217)
   defining Unicode char U+201C (decimal 8220)
   defining Unicode char U+201D (decimal 8221)
)
Now handling font encoding OMS ...
... processing UTF-8 mapping file for font encoding OMS

(/usr/local/texlive/2014/texmf-dist/tex/latex/base/omsenc.dfu
File: omsenc.dfu 2008/04/05 v1.1m UTF-8 support for inputenc
   defining Unicode char U+00A7 (decimal 167)
   defining Unicode char U+00B6 (decimal 182)
   defining Unicode char U+00B7 (decimal 183)
   defining Unicode char U+2020 (decimal 8224)
   defining Unicode char U+2021 (decimal 8225)
   defining Unicode char U+2022 (decimal 8226)
)
Now handling font encoding OMX ...
... no UTF-8 mapping file for font encoding OMX
Now handling font encoding U ...
... no UTF-8 mapping file for font encoding U
   defining Unicode char U+00A9 (decimal 169)
   defining Unicode char U+00AA (decimal 170)
   defining Unicode char U+00AE (decimal 174)
   defining Unicode char U+00BA (decimal 186)
   defining Unicode char U+02C6 (decimal 710)
   defining Unicode char U+02DC (decimal 732)
   defining Unicode char U+200C (decimal 8204)
   defining Unicode char U+2026 (decimal 8230)
   defining Unicode char U+2122 (decimal 8482)
   defining Unicode char U+2423 (decimal 9251)
))
(/usr/local/texlive/2014/texmf-dist/tex/generic/babel/babel.sty
Package: babel 2014/03/24 3.9k The Babel package

(/usr/local/texlive/2014/texmf-dist/tex/generic/babel-russian/russianb.ldf
Language: russian 2013/04/13 1.3a Russian support from the babel system

(/usr/local/texlive/2014/texmf-dist/tex/generic/babel/babel.def
File: babel.def 2014/03/24 3.9k Babel common definitions
\babel@savecnt=\count88
\U@D=\dimen103
)

Package babel Warning: No Cyrillic font encoding has been loaded so far.
(babel)                A font encoding should be declared before babel.
(babel)                Default `T2A' encoding will be loaded  on input line 111
.

(/usr/local/texlive/2014/texmf-dist/tex/latex/cyrillic/t2aenc.def
File: t2aenc.def 2005/09/27 v1.0i Cyrillic encoding definition file
Now handling font encoding T2A ...
... processing UTF-8 mapping file for font encoding T2A

(/usr/local/texlive/2014/texmf-dist/tex/latex/base/t2aenc.dfu
File: t2aenc.dfu 2008/04/05 v1.1m UTF-8 support for inputenc
   defining Unicode char U+00A4 (decimal 164)
   defining Unicode char U+00A7 (decimal 167)
   defining Unicode char U+00AB (decimal 171)
   defining Unicode char U+00BB (decimal 187)
   defining Unicode char U+0131 (decimal 305)
   defining Unicode char U+0400 (decimal 1024)
   defining Unicode char U+0401 (decimal 1025)
   defining Unicode char U+0402 (decimal 1026)
   defining Unicode char U+0403 (decimal 1027)
   defining Unicode char U+0404 (decimal 1028)
   defining Unicode char U+0405 (decimal 1029)
   defining Unicode char U+0406 (decimal 1030)
   defining Unicode char U+0407 (decimal 1031)
   defining Unicode char U+0408 (decimal 1032)
   defining Unicode char U+0409 (decimal 1033)
   defining Unicode char U+040A (decimal 1034)
   defining Unicode char U+040B (decimal 1035)
   defining Unicode char U+040C (decimal 1036)
   defining Unicode char U+040D (decimal 1037)
   defining Unicode char U+040E (decimal 1038)
   defining Unicode char U+040F (decimal 1039)
   defining Unicode char U+0410 (decimal 1040)
   defining Unicode char U+0411 (decimal 1041)
   defining Unicode char U+0412 (decimal 1042)
   defining Unicode char U+0413 (decimal 1043)
   defining Unicode char U+0414 (decimal 1044)
   defining Unicode char U+0415 (decimal 1045)
   defining Unicode char U+0416 (decimal 1046)
   defining Unicode char U+0417 (decimal 1047)
   defining Unicode char U+0418 (decimal 1048)
   defining Unicode char U+0419 (decimal 1049)
   defining Unicode char U+041A (decimal 1050)
   defining Unicode char U+041B (decimal 1051)
   defining Unicode char U+041C (decimal 1052)
   defining Unicode char U+041D (decimal 1053)
   defining Unicode char U+041E (decimal 1054)
   defining Unicode char U+041F (decimal 1055)
   defining Unicode char U+0420 (decimal 1056)
   defining Unicode char U+0421 (decimal 1057)
   defining Unicode char U+0422 (decimal 1058)
   defining Unicode char U+0423 (decimal 1059)
   defining Unicode char U+0424 (decimal 1060)
   defining Unicode char U+0425 (decimal 1061)
   defining Unicode char U+0426 (decimal 1062)
   defining Unicode char U+0427 (decimal 1063)
   defining Unicode char U+0428 (decimal 1064)
   defining Unicode char U+0429 (decimal 1065)
   defining Unicode char U+042A (decimal 1066)
   defining Unicode char U+042B (decimal 1067)
   defining Unicode char U+042C (decimal 1068)
   defining Unicode char U+042D (decimal 1069)
   defining Unicode char U+042E (decimal 1070)
   defining Unicode char U+042F (decimal 1071)
   defining Unicode char U+0430 (decimal 1072)
   defining Unicode char U+0431 (decimal 1073)
   defining Unicode char U+0432 (decimal 1074)
   defining Unicode char U+0433 (decimal 1075)
   defining Unicode char U+0434 (decimal 1076)
   defining Unicode char U+0435 (decimal 1077)
   defining Unicode char U+0436 (decimal 1078)
   defining Unicode char U+0437 (decimal 1079)
   defining Unicode char U+0438 (decimal 1080)
   defining Unicode char U+0439 (decimal 1081)
   defining Unicode char U+043A (decimal 1082)
   defining Unicode char U+043B (decimal 1083)
   defining Unicode char U+043C (decimal 1084)
   defining Unicode char U+043D (decimal 1085)
   defining Unicode char U+043E (decimal 1086)
   defining Unicode char U+043F (decimal 1087)
   defining Unicode char U+0440 (decimal 1088)
   defining Unicode char U+0441 (decimal 1089)
   defining Unicode char U+0442 (decimal 1090)
   defining Unicode char U+0443 (decimal 1091)
   defining Unicode char U+0444 (decimal 1092)
   defining Unicode char U+0445 (decimal 1093)
   defining Unicode char U+0446 (decimal 1094)
   defining Unicode char U+0447 (decimal 1095)
   defining Unicode char U+0448 (decimal 1096)
   defining Unicode char U+0449 (decimal 1097)
   defining Unicode char U+044A (decimal 1098)
   defining Unicode char U+044B (decimal 1099)
   defining Unicode char U+044C (decimal 1100)
   defining Unicode char U+044D (decimal 1101)
   defining Unicode char U+044E (decimal 1102)
   defining Unicode char U+044F (decimal 1103)
   defining Unicode char U+0450 (decimal 1104)
   defining Unicode char U+0451 (decimal 1105)
   defining Unicode char U+0452 (decimal 1106)
   defining Unicode char U+0453 (decimal 1107)
   defining Unicode char U+0454 (decimal 1108)
   defining Unicode char U+0455 (decimal 1109)
   defining Unicode char U+0456 (decimal 1110)
   defining Unicode char U+0457 (decimal 1111)
   defining Unicode char U+0458 (decimal 1112)
   defining Unicode char U+0459 (decimal 1113)
   defining Unicode char U+045A (decimal 1114)
   defining Unicode char U+045B (decimal 1115)
   defining Unicode char U+045C (decimal 1116)
   defining Unicode char U+045D (decimal 1117)
   defining Unicode char U+045E (decimal 1118)
   defining Unicode char U+045F (decimal 1119)
   defining Unicode char U+0490 (decimal 1168)
   defining Unicode char U+0491 (decimal 1169)
   defining Unicode char U+0492 (decimal 1170)
   defining Unicode char U+0493 (decimal 1171)
   defining Unicode char U+0496 (decimal 1174)
   defining Unicode char U+0497 (decimal 1175)
   defining Unicode char U+0498 (decimal 1176)
   defining Unicode char U+0499 (decimal 1177)
   defining Unicode char U+049A (decimal 1178)
   defining Unicode char U+049B (decimal 1179)
   defining Unicode char U+049C (decimal 1180)
   defining Unicode char U+049D (decimal 1181)
   defining Unicode char U+04A0 (decimal 1184)
   defining Unicode char U+04A1 (decimal 1185)
   defining Unicode char U+04A2 (decimal 1186)
   defining Unicode char U+04A3 (decimal 1187)
   defining Unicode char U+04A4 (decimal 1188)
   defining Unicode char U+04A5 (decimal 1189)
   defining Unicode char U+04AA (decimal 1194)
   defining Unicode char U+04AB (decimal 1195)
   defining Unicode char U+04AE (decimal 1198)
   defining Unicode char U+04AF (decimal 1199)
   defining Unicode char U+04B0 (decimal 1200)
   defining Unicode char U+04B1 (decimal 1201)
   defining Unicode char U+04B2 (decimal 1202)
   defining Unicode char U+04B3 (decimal 1203)
   defining Unicode char U+04B6 (decimal 1206)
   defining Unicode char U+04B7 (decimal 1207)
   defining Unicode char U+04B8 (decimal 1208)
   defining Unicode char U+04B9 (decimal 1209)
   defining Unicode char U+04BA (decimal 1210)
   defining Unicode char U+04BB (decimal 1211)
   defining Unicode char U+04C0 (decimal 1216)
   defining Unicode char U+04C1 (decimal 1217)
   defining Unicode char U+04C2 (decimal 1218)
   defining Unicode char U+04D0 (decimal 1232)
   defining Unicode char U+04D1 (decimal 1233)
   defining Unicode char U+04D2 (decimal 1234)
   defining Unicode char U+04D3 (decimal 1235)
   defining Unicode char U+04D4 (decimal 1236)
   defining Unicode char U+04D5 (decimal 1237)
   defining Unicode char U+04D6 (decimal 1238)
   defining Unicode char U+04D7 (decimal 1239)
   defining Unicode char U+04D8 (decimal 1240)
   defining Unicode char U+04D9 (decimal 1241)
   defining Unicode char U+04DA (decimal 1242)
   defining Unicode char U+04DB (decimal 1243)
   defining Unicode char U+04DC (decimal 1244)
   defining Unicode char U+04DD (decimal 1245)
   defining Unicode char U+04DE (decimal 1246)
   defining Unicode char U+04DF (decimal 1247)
   defining Unicode char U+04E2 (decimal 1250)
   defining Unicode char U+04E3 (decimal 1251)
   defining Unicode char U+04E4 (decimal 1252)
   defining Unicode char U+04E5 (decimal 1253)
   defining Unicode char U+04E6 (decimal 1254)
   defining Unicode char U+04E7 (decimal 1255)
   defining Unicode char U+04E8 (decimal 1256)
   defining Unicode char U+04E9 (decimal 1257)
   defining Unicode char U+04EC (decimal 1260)
   defining Unicode char U+04ED (decimal 1261)
   defining Unicode char U+04EE (decimal 1262)
   defining Unicode char U+04EF (decimal 1263)
   defining Unicode char U+04F0 (decimal 1264)
   defining Unicode char U+04F1 (decimal 1265)
   defining Unicode char U+04F2 (decimal 1266)
   defining Unicode char U+04F3 (decimal 1267)
   defining Unicode char U+04F4 (decimal 1268)
   defining Unicode char U+04F5 (decimal 1269)
   defining Unicode char U+04F8 (decimal 1272)
   defining Unicode char U+04F9 (decimal 1273)
   defining Unicode char U+200C (decimal 8204)
   defining Unicode char U+2013 (decimal 8211)
   defining Unicode char U+2014 (decimal 8212)
   defining Unicode char U+2018 (decimal 8216)
   defining Unicode char U+2019 (decimal 8217)
   defining Unicode char U+201C (decimal 8220)
   defining Unicode char U+201D (decimal 8221)
   defining Unicode char U+201E (decimal 8222)
   defining Unicode char U+2030 (decimal 8240)
   defining Unicode char U+2031 (decimal 8241)
   defining Unicode char U+2116 (decimal 8470)
   defining Unicode char U+2329 (decimal 9001)
   defining Unicode char U+232A (decimal 9002)
   defining Unicode char U+2423 (decimal 9251)
))
Package babel Info: Making " an active character on input line 147.
))
(/usr/local/texlive/2014/texmf-dist/tex/latex/base/utf8.def
File: utf8.def 2008/04/05 v1.1m UTF-8 support for inputenc
Now handling font encoding OML ...
... no UTF-8 mapping file for font encoding OML
Now handling font encoding T1 ...
... processing UTF-8 mapping file for font encoding T1

(/usr/local/texlive/2014/texmf-dist/tex/latex/base/t1enc.dfu
File: t1enc.dfu 2008/04/05 v1.1m UTF-8 support for inputenc
   defining Unicode char U+00A1 (decimal 161)
   defining Unicode char U+00A3 (decimal 163)
   defining Unicode char U+00AB (decimal 171)
   defining Unicode char U+00BB (decimal 187)
   defining Unicode char U+00BF (decimal 191)
   defining Unicode char U+00C0 (decimal 192)
   defining Unicode char U+00C1 (decimal 193)
   defining Unicode char U+00C2 (decimal 194)
   defining Unicode char U+00C3 (decimal 195)
   defining Unicode char U+00C4 (decimal 196)
   defining Unicode char U+00C5 (decimal 197)
   defining Unicode char U+00C6 (decimal 198)
   defining Unicode char U+00C7 (decimal 199)
   defining Unicode char U+00C8 (decimal 200)
   defining Unicode char U+00C9 (decimal 201)
   defining Unicode char U+00CA (decimal 202)
   defining Unicode char U+00CB (decimal 203)
   defining Unicode char U+00CC (decimal 204)
   defining Unicode char U+00CD (decimal 205)
   defining Unicode char U+00CE (decimal 206)
   defining Unicode char U+00CF (decimal 207)
   defining Unicode char U+00D0 (decimal 208)
   defining Unicode char U+00D1 (decimal 209)
   defining Unicode char U+00D2 (decimal 210)
   defining Unicode char U+00D3 (decimal 211)
   defining Unicode char U+00D4 (decimal 212)
   defining Unicode char U+00D5 (decimal 213)
   defining Unicode char U+00D6 (decimal 214)
   defining Unicode char U+00D8 (decimal 216)
   defining Unicode char U+00D9 (decimal 217)
   defining Unicode char U+00DA (decimal 218)
   defining Unicode char U+00DB (decimal 219)
   defining Unicode char U+00DC (decimal 220)
   defining Unicode char U+00DD (decimal 221)
   defining Unicode char U+00DE (decimal 222)
   defining Unicode char U+00DF (decimal 223)
   defining Unicode char U+00E0 (decimal 224)
   defining Unicode char U+00E1 (decimal 225)
   defining Unicode char U+00E2 (decimal 226)
   defining Unicode char U+00E3 (decimal 227)
   defining Unicode char U+00E4 (decimal 228)
   defining Unicode char U+00E5 (decimal 229)
   defining Unicode char U+00E6 (decimal 230)
   defining Unicode char U+00E7 (decimal 231)
   defining Unicode char U+00E8 (decimal 232)
   defining Unicode char U+00E9 (decimal 233)
   defining Unicode char U+00EA (decimal 234)
   defining Unicode char U+00EB (decimal 235)
   defining Unicode char U+00EC (decimal 236)
   defining Unicode char U+00ED (decimal 237)
   defining Unicode char U+00EE (decimal 238)
   defining Unicode char U+00EF (decimal 239)
   defining Unicode char U+00F0 (decimal 240)
   defining Unicode char U+00F1 (decimal 241)
   defining Unicode char U+00F2 (decimal 242)
   defining Unicode char U+00F3 (decimal 243)
   defining Unicode char U+00F4 (decimal 244)
   defining Unicode char U+00F5 (decimal 245)
   defining Unicode char U+00F6 (decimal 246)
   defining Unicode char U+00F8 (decimal 248)
   defining Unicode char U+00F9 (decimal 249)
   defining Unicode char U+00FA (decimal 250)
   defining Unicode char U+00FB (decimal 251)
   defining Unicode char U+00FC (decimal 252)
   defining Unicode char U+00FD (decimal 253)
   defining Unicode char U+00FE (decimal 254)
   defining Unicode char U+00FF (decimal 255)
   defining Unicode char U+0102 (decimal 258)
   defining Unicode char U+0103 (decimal 259)
   defining Unicode char U+0104 (decimal 260)
   defining Unicode char U+0105 (decimal 261)
   defining Unicode char U+0106 (decimal 262)
   defining Unicode char U+0107 (decimal 263)
   defining Unicode char U+010C (decimal 268)
   defining Unicode char U+010D (decimal 269)
   defining Unicode char U+010E (decimal 270)
   defining Unicode char U+010F (decimal 271)
   defining Unicode char U+0110 (decimal 272)
   defining Unicode char U+0111 (decimal 273)
   defining Unicode char U+0118 (decimal 280)
   defining Unicode char U+0119 (decimal 281)
   defining Unicode char U+011A (decimal 282)
   defining Unicode char U+011B (decimal 283)
   defining Unicode char U+011E (decimal 286)
   defining Unicode char U+011F (decimal 287)
   defining Unicode char U+0130 (decimal 304)
   defining Unicode char U+0131 (decimal 305)
   defining Unicode char U+0132 (decimal 306)
   defining Unicode char U+0133 (decimal 307)
   defining Unicode char U+0139 (decimal 313)
   defining Unicode char U+013A (decimal 314)
   defining Unicode char U+013D (decimal 317)
   defining Unicode char U+013E (decimal 318)
   defining Unicode char U+0141 (decimal 321)
   defining Unicode char U+0142 (decimal 322)
   defining Unicode char U+0143 (decimal 323)
   defining Unicode char U+0144 (decimal 324)
   defining Unicode char U+0147 (decimal 327)
   defining Unicode char U+0148 (decimal 328)
   defining Unicode char U+014A (decimal 330)
   defining Unicode char U+014B (decimal 331)
   defining Unicode char U+0150 (decimal 336)
   defining Unicode char U+0151 (decimal 337)
   defining Unicode char U+0152 (decimal 338)
   defining Unicode char U+0153 (decimal 339)
   defining Unicode char U+0154 (decimal 340)
   defining Unicode char U+0155 (decimal 341)
   defining Unicode char U+0158 (decimal 344)
   defining Unicode char U+0159 (decimal 345)
   defining Unicode char U+015A (decimal 346)
   defining Unicode char U+015B (decimal 347)
   defining Unicode char U+015E (decimal 350)
   defining Unicode char U+015F (decimal 351)
   defining Unicode char U+0160 (decimal 352)
   defining Unicode char U+0161 (decimal 353)
   defining Unicode char U+0162 (decimal 354)
   defining Unicode char U+0163 (decimal 355)
   defining Unicode char U+0164 (decimal 356)
   defining Unicode char U+0165 (decimal 357)
   defining Unicode char U+016E (decimal 366)
   defining Unicode char U+016F (decimal 367)
   defining Unicode char U+0170 (decimal 368)
   defining Unicode char U+0171 (decimal 369)
   defining Unicode char U+0178 (decimal 376)
   defining Unicode char U+0179 (decimal 377)
   defining Unicode char U+017A (decimal 378)
   defining Unicode char U+017B (decimal 379)
   defining Unicode char U+017C (decimal 380)
   defining Unicode char U+017D (decimal 381)
   defining Unicode char U+017E (decimal 382)
   defining Unicode char U+200C (decimal 8204)
   defining Unicode char U+2013 (decimal 8211)
   defining Unicode char U+2014 (decimal 8212)
   defining Unicode char U+2018 (decimal 8216)
   defining Unicode char U+2019 (decimal 8217)
   defining Unicode char U+201A (decimal 8218)
   defining Unicode char U+201C (decimal 8220)
   defining Unicode char U+201D (decimal 8221)
   defining Unicode char U+201E (decimal 8222)
   defining Unicode char U+2030 (decimal 8240)
   defining Unicode char U+2031 (decimal 8241)
   defining Unicode char U+2039 (decimal 8249)
   defining Unicode char U+203A (decimal 8250)
   defining Unicode char U+2423 (decimal 9251)
)
Now handling font encoding OT1 ...
... processing UTF-8 mapping file for font encoding OT1

(/usr/local/texlive/2014/texmf-dist/tex/latex/base/ot1enc.dfu
File: ot1enc.dfu 2008/04/05 v1.1m UTF-8 support for inputenc
   defining Unicode char U+00A1 (decimal 161)
   defining Unicode char U+00A3 (decimal 163)
   defining Unicode char U+00B8 (decimal 184)
   defining Unicode char U+00BF (decimal 191)
   defining Unicode char U+00C5 (decimal 197)
   defining Unicode char U+00C6 (decimal 198)
   defining Unicode char U+00D8 (decimal 216)
   defining Unicode char U+00DF (decimal 223)
   defining Unicode char U+00E6 (decimal 230)
   defining Unicode char U+00EC (decimal 236)
   defining Unicode char U+00ED (decimal 237)
   defining Unicode char U+00EE (decimal 238)
   defining Unicode char U+00EF (decimal 239)
   defining Unicode char U+00F8 (decimal 248)
   defining Unicode char U+0131 (decimal 305)
   defining Unicode char U+0141 (decimal 321)
   defining Unicode char U+0142 (decimal 322)
   defining Unicode char U+0152 (decimal 338)
   defining Unicode char U+0153 (decimal 339)
   defining Unicode char U+2013 (decimal 8211)
   defining Unicode char U+2014 (decimal 8212)
   defining Unicode char U+2018 (decimal 8216)
   defining Unicode char U+2019 (decimal 8217)
   defining Unicode char U+201C (decimal 8220)
   defining Unicode char U+201D (decimal 8221)
)
Now handling font encoding OMS ...
... processing UTF-8 mapping file for font encoding OMS

(/usr/local/texlive/2014/texmf-dist/tex/latex/base/omsenc.dfu
File: omsenc.dfu 2008/04/05 v1.1m UTF-8 support for inputenc
   defining Unicode char U+00A7 (decimal 167)
   defining Unicode char U+00B6 (decimal 182)
   defining Unicode char U+00B7 (decimal 183)
   defining Unicode char U+2020 (decimal 8224)
   defining Unicode char U+2021 (decimal 8225)
   defining Unicode char U+2022 (decimal 8226)
)
Now handling font encoding OMX ...
... no UTF-8 mapping file for font encoding OMX
Now handling font encoding U ...
... no UTF-8 mapping file for font encoding U
Now handling font encoding T2A ...
... processing UTF-8 mapping file for font encoding T2A

(/usr/local/texlive/2014/texmf-dist/tex/latex/base/t2aenc.dfu
File: t2aenc.dfu 2008/04/05 v1.1m UTF-8 support for inputenc
   defining Unicode char U+00A4 (decimal 164)
   defining Unicode char U+00A7 (decimal 167)
   defining Unicode char U+00AB (decimal 171)
   defining Unicode char U+00BB (decimal 187)
   defining Unicode char U+0131 (decimal 305)
   defining Unicode char U+0400 (decimal 1024)
   defining Unicode char U+0401 (decimal 1025)
   defining Unicode char U+0402 (decimal 1026)
   defining Unicode char U+0403 (decimal 1027)
   defining Unicode char U+0404 (decimal 1028)
   defining Unicode char U+0405 (decimal 1029)
   defining Unicode char U+0406 (decimal 1030)
   defining Unicode char U+0407 (decimal 1031)
   defining Unicode char U+0408 (decimal 1032)
   defining Unicode char U+0409 (decimal 1033)
   defining Unicode char U+040A (decimal 1034)
   defining Unicode char U+040B (decimal 1035)
   defining Unicode char U+040C (decimal 1036)
   defining Unicode char U+040D (decimal 1037)
   defining Unicode char U+040E (decimal 1038)
   defining Unicode char U+040F (decimal 1039)
   defining Unicode char U+0410 (decimal 1040)
   defining Unicode char U+0411 (decimal 1041)
   defining Unicode char U+0412 (decimal 1042)
   defining Unicode char U+0413 (decimal 1043)
   defining Unicode char U+0414 (decimal 1044)
   defining Unicode char U+0415 (decimal 1045)
   defining Unicode char U+0416 (decimal 1046)
   defining Unicode char U+0417 (decimal 1047)
   defining Unicode char U+0418 (decimal 1048)
   defining Unicode char U+0419 (decimal 1049)
   defining Unicode char U+041A (decimal 1050)
   defining Unicode char U+041B (decimal 1051)
   defining Unicode char U+041C (decimal 1052)
   defining Unicode char U+041D (decimal 1053)
   defining Unicode char U+041E (decimal 1054)
   defining Unicode char U+041F (decimal 1055)
   defining Unicode char U+0420 (decimal 1056)
   defining Unicode char U+0421 (decimal 1057)
   defining Unicode char U+0422 (decimal 1058)
   defining Unicode char U+0423 (decimal 1059)
   defining Unicode char U+0424 (decimal 1060)
   defining Unicode char U+0425 (decimal 1061)
   defining Unicode char U+0426 (decimal 1062)
   defining Unicode char U+0427 (decimal 1063)
   defining Unicode char U+0428 (decimal 1064)
   defining Unicode char U+0429 (decimal 1065)
   defining Unicode char U+042A (decimal 1066)
   defining Unicode char U+042B (decimal 1067)
   defining Unicode char U+042C (decimal 1068)
   defining Unicode char U+042D (decimal 1069)
   defining Unicode char U+042E (decimal 1070)
   defining Unicode char U+042F (decimal 1071)
   defining Unicode char U+0430 (decimal 1072)
   defining Unicode char U+0431 (decimal 1073)
   defining Unicode char U+0432 (decimal 1074)
   defining Unicode char U+0433 (decimal 1075)
   defining Unicode char U+0434 (decimal 1076)
   defining Unicode char U+0435 (decimal 1077)
   defining Unicode char U+0436 (decimal 1078)
   defining Unicode char U+0437 (decimal 1079)
   defining Unicode char U+0438 (decimal 1080)
   defining Unicode char U+0439 (decimal 1081)
   defining Unicode char U+043A (decimal 1082)
   defining Unicode char U+043B (decimal 1083)
   defining Unicode char U+043C (decimal 1084)
   defining Unicode char U+043D (decimal 1085)
   defining Unicode char U+043E (decimal 1086)
   defining Unicode char U+043F (decimal 1087)
   defining Unicode char U+0440 (decimal 1088)
   defining Unicode char U+0441 (decimal 1089)
   defining Unicode char U+0442 (decimal 1090)
   defining Unicode char U+0443 (decimal 1091)
   defining Unicode char U+0444 (decimal 1092)
   defining Unicode char U+0445 (decimal 1093)
   defining Unicode char U+0446 (decimal 1094)
   defining Unicode char U+0447 (decimal 1095)
   defining Unicode char U+0448 (decimal 1096)
   defining Unicode char U+0449 (decimal 1097)
   defining Unicode char U+044A (decimal 1098)
   defining Unicode char U+044B (decimal 1099)
   defining Unicode char U+044C (decimal 1100)
   defining Unicode char U+044D (decimal 1101)
   defining Unicode char U+044E (decimal 1102)
   defining Unicode char U+044F (decimal 1103)
   defining Unicode char U+0450 (decimal 1104)
   defining Unicode char U+0451 (decimal 1105)
   defining Unicode char U+0452 (decimal 1106)
   defining Unicode char U+0453 (decimal 1107)
   defining Unicode char U+0454 (decimal 1108)
   defining Unicode char U+0455 (decimal 1109)
   defining Unicode char U+0456 (decimal 1110)
   defining Unicode char U+0457 (decimal 1111)
   defining Unicode char U+0458 (decimal 1112)
   defining Unicode char U+0459 (decimal 1113)
   defining Unicode char U+045A (decimal 1114)
   defining Unicode char U+045B (decimal 1115)
   defining Unicode char U+045C (decimal 1116)
   defining Unicode char U+045D (decimal 1117)
   defining Unicode char U+045E (decimal 1118)
   defining Unicode char U+045F (decimal 1119)
   defining Unicode char U+0490 (decimal 1168)
   defining Unicode char U+0491 (decimal 1169)
   defining Unicode char U+0492 (decimal 1170)
   defining Unicode char U+0493 (decimal 1171)
   defining Unicode char U+0496 (decimal 1174)
   defining Unicode char U+0497 (decimal 1175)
   defining Unicode char U+0498 (decimal 1176)
   defining Unicode char U+0499 (decimal 1177)
   defining Unicode char U+049A (decimal 1178)
   defining Unicode char U+049B (decimal 1179)
   defining Unicode char U+049C (decimal 1180)
   defining Unicode char U+049D (decimal 1181)
   defining Unicode char U+04A0 (decimal 1184)
   defining Unicode char U+04A1 (decimal 1185)
   defining Unicode char U+04A2 (decimal 1186)
   defining Unicode char U+04A3 (decimal 1187)
   defining Unicode char U+04A4 (decimal 1188)
   defining Unicode char U+04A5 (decimal 1189)
   defining Unicode char U+04AA (decimal 1194)
   defining Unicode char U+04AB (decimal 1195)
   defining Unicode char U+04AE (decimal 1198)
   defining Unicode char U+04AF (decimal 1199)
   defining Unicode char U+04B0 (decimal 1200)
   defining Unicode char U+04B1 (decimal 1201)
   defining Unicode char U+04B2 (decimal 1202)
   defining Unicode char U+04B3 (decimal 1203)
   defining Unicode char U+04B6 (decimal 1206)
   defining Unicode char U+04B7 (decimal 1207)
   defining Unicode char U+04B8 (decimal 1208)
   defining Unicode char U+04B9 (decimal 1209)
   defining Unicode char U+04BA (decimal 1210)
   defining Unicode char U+04BB (decimal 1211)
   defining Unicode char U+04C0 (decimal 1216)
   defining Unicode char U+04C1 (decimal 1217)
   defining Unicode char U+04C2 (decimal 1218)
   defining Unicode char U+04D0 (decimal 1232)
   defining Unicode char U+04D1 (decimal 1233)
   defining Unicode char U+04D2 (decimal 1234)
   defining Unicode char U+04D3 (decimal 1235)
   defining Unicode char U+04D4 (decimal 1236)
   defining Unicode char U+04D5 (decimal 1237)
   defining Unicode char U+04D6 (decimal 1238)
   defining Unicode char U+04D7 (decimal 1239)
   defining Unicode char U+04D8 (decimal 1240)
   defining Unicode char U+04D9 (decimal 1241)
   defining Unicode char U+04DA (decimal 1242)
   defining Unicode char U+04DB (decimal 1243)
   defining Unicode char U+04DC (decimal 1244)
   defining Unicode char U+04DD (decimal 1245)
   defining Unicode char U+04DE (decimal 1246)
   defining Unicode char U+04DF (decimal 1247)
   defining Unicode char U+04E2 (decimal 1250)
   defining Unicode char U+04E3 (decimal 1251)
   defining Unicode char U+04E4 (decimal 1252)
   defining Unicode char U+04E5 (decimal 1253)
   defining Unicode char U+04E6 (decimal 1254)
   defining Unicode char U+04E7 (decimal 1255)
   defining Unicode char U+04E8 (decimal 1256)
   defining Unicode char U+04E9 (decimal 1257)
   defining Unicode char U+04EC (decimal 1260)
   defining Unicode char U+04ED (decimal 1261)
   defining Unicode char U+04EE (decimal 1262)
   defining Unicode char U+04EF (decimal 1263)
   defining Unicode char U+04F0 (decimal 1264)
   defining Unicode char U+04F1 (decimal 1265)
   defining Unicode char U+04F2 (decimal 1266)
   defining Unicode char U+04F3 (decimal 1267)
   defining Unicode char U+04F4 (decimal 1268)
   defining Unicode char U+04F5 (decimal 1269)
   defining Unicode char U+04F8 (decimal 1272)
   defining Unicode char U+04F9 (decimal 1273)
   defining Unicode char U+200C (decimal 8204)
   defining Unicode char U+2013 (decimal 8211)
   defining Unicode char U+2014 (decimal 8212)
   defining Unicode char U+2018 (decimal 8216)
   defining Unicode char U+2019 (decimal 8217)
   defining Unicode char U+201C (decimal 8220)
   defining Unicode char U+201D (decimal 8221)
   defining Unicode char U+201E (decimal 8222)
   defining Unicode char U+2030 (decimal 8240)
   defining Unicode char U+2031 (decimal 8241)
   defining Unicode char U+2116 (decimal 8470)
   defining Unicode char U+2329 (decimal 9001)
   defining Unicode char U+232A (decimal 9002)
   defining Unicode char U+2423 (decimal 9251)
)
   defining Unicode char U+00A9 (decimal 169)
   defining Unicode char U+00AA (decimal 170)
   defining Unicode char U+00AE (decimal 174)
   defining Unicode char U+00BA (decimal 186)
   defining Unicode char U+02C6 (decimal 710)
   defining Unicode char U+02DC (decimal 732)
   defining Unicode char U+200C (decimal 8204)
   defining Unicode char U+2026 (decimal 8230)
   defining Unicode char U+2122 (decimal 8482)
   defining Unicode char U+2423 (decimal 9251)
)
(/usr/local/texlive/2014/texmf-dist/tex/latex/graphics/graphicx.sty
Package: graphicx 2014/04/25 v1.0g Enhanced LaTeX Graphics (DPC,SPQR)

(/usr/local/texlive/2014/texmf-dist/tex/latex/graphics/keyval.sty
Package: keyval 2014/05/08 v1.15 key=value parser (DPC)
\KV@toks@=\toks16
)
(/usr/local/texlive/2014/texmf-dist/tex/latex/graphics/graphics.sty
Package: graphics 2009/02/05 v1.0o Standard LaTeX Graphics (DPC,SPQR)

(/usr/local/texlive/2014/texmf-dist/tex/latex/graphics/trig.sty
Package: trig 1999/03/16 v1.09 sin cos tan (DPC)
)
(/usr/local/texlive/2014/texmf-dist/tex/latex/latexconfig/graphics.cfg
File: graphics.cfg 2010/04/23 v1.9 graphics configuration of TeX Live
)
Package graphics Info: Driver file: pdftex.def on input line 91.

(/usr/local/texlive/2014/texmf-dist/tex/latex/pdftex-def/pdftex.def
File: pdftex.def 2011/05/27 v0.06d Graphics/color for pdfTeX

(/usr/local/texlive/2014/texmf-dist/tex/generic/oberdiek/infwarerr.sty
Package: infwarerr 2010/04/08 v1.3 Providing info/warning/error messages (HO)
)
(/usr/local/texlive/2014/texmf-dist/tex/generic/oberdiek/ltxcmds.sty
Package: ltxcmds 2011/11/09 v1.22 LaTeX kernel commands for general use (HO)
)
\Gread@gobject=\count89
))
\Gin@req@height=\dimen104
\Gin@req@width=\dimen105
)
(/usr/local/texlive/2014/texmf-dist/tex/latex/caption/caption.sty
Package: caption 2013/05/02 v3.3-89 Customizing captions (AR)

(/usr/local/texlive/2014/texmf-dist/tex/latex/caption/caption3.sty
Package: caption3 2013/05/02 v1.6-88 caption3 kernel (AR)
Package caption3 Info: TeX engine: e-TeX on input line 57.
\captionmargin=\dimen106
\captionmargin@=\dimen107
\captionwidth=\dimen108
\caption@tempdima=\dimen109
\caption@indent=\dimen110
\caption@parindent=\dimen111
\caption@hangindent=\dimen112
)
\c@ContinuedFloat=\count90
)
(/usr/local/texlive/2014/texmf-dist/tex/latex/caption/subcaption.sty
Package: subcaption 2013/02/03 v1.1-62 Sub-captions (AR)
\c@subfigure=\count91
\c@subtable=\count92
)
(/usr/local/texlive/2014/texmf-dist/tex/latex/float/float.sty
Package: float 2001/11/08 v1.3d Float enhancements (AL)
\c@float@type=\count93
\float@exts=\toks17
\float@box=\box26
\@float@everytoks=\toks18
\@floatcapt=\box27
)
(/usr/local/texlive/2014/texmf-dist/tex/latex/setspace/setspace.sty
Package: setspace 2011/12/19 v6.7a set line spacing
)
(/usr/local/texlive/2014/texmf-dist/tex/latex/eurosym/eurosym.sty
Package: eurosym 1998/08/06 v1.1 European currency symbol ``Euro''
\@eurobox=\box28
)
(/usr/local/texlive/2014/texmf-dist/tex/latex/hyperref/hyperref.sty
Package: hyperref 2012/11/06 v6.83m Hypertext links for LaTeX

(/usr/local/texlive/2014/texmf-dist/tex/generic/oberdiek/hobsub-hyperref.sty
Package: hobsub-hyperref 2012/05/28 v1.13 Bundle oberdiek, subset hyperref (HO)


(/usr/local/texlive/2014/texmf-dist/tex/generic/oberdiek/hobsub-generic.sty
Package: hobsub-generic 2012/05/28 v1.13 Bundle oberdiek, subset generic (HO)
Package: hobsub 2012/05/28 v1.13 Construct package bundles (HO)
Package hobsub Info: Skipping package `infwarerr' (already loaded).
Package hobsub Info: Skipping package `ltxcmds' (already loaded).
Package: ifluatex 2010/03/01 v1.3 Provides the ifluatex switch (HO)
Package ifluatex Info: LuaTeX not detected.
Package: ifvtex 2010/03/01 v1.5 Detect VTeX and its facilities (HO)
Package ifvtex Info: VTeX not detected.
Package: intcalc 2007/09/27 v1.1 Expandable calculations with integers (HO)
Package: ifpdf 2011/01/30 v2.3 Provides the ifpdf switch (HO)
Package ifpdf Info: pdfTeX in PDF mode is detected.
Package: etexcmds 2011/02/16 v1.5 Avoid name clashes with e-TeX commands (HO)
Package etexcmds Info: Could not find \expanded.
(etexcmds)             That can mean that you are not using pdfTeX 1.50 or
(etexcmds)             that some package has redefined \expanded.
(etexcmds)             In the latter case, load this package earlier.
Package: kvsetkeys 2012/04/25 v1.16 Key value parser (HO)
Package: kvdefinekeys 2011/04/07 v1.3 Define keys (HO)
Package: pdftexcmds 2011/11/29 v0.20 Utility functions of pdfTeX for LuaTeX (HO
)
Package pdftexcmds Info: LuaTeX not detected.
Package pdftexcmds Info: \pdf@primitive is available.
Package pdftexcmds Info: \pdf@ifprimitive is available.
Package pdftexcmds Info: \pdfdraftmode found.
Package: pdfescape 2011/11/25 v1.13 Implements pdfTeX's escape features (HO)
Package: bigintcalc 2012/04/08 v1.3 Expandable calculations on big integers (HO
)
Package: bitset 2011/01/30 v1.1 Handle bit-vector datatype (HO)
Package: uniquecounter 2011/01/30 v1.2 Provide unlimited unique counter (HO)
)
Package hobsub Info: Skipping package `hobsub' (already loaded).
Package: letltxmacro 2010/09/02 v1.4 Let assignment for LaTeX macros (HO)
Package: hopatch 2012/05/28 v1.2 Wrapper for package hooks (HO)
Package: xcolor-patch 2011/01/30 xcolor patch
Package: atveryend 2011/06/30 v1.8 Hooks at the very end of document (HO)
Package atveryend Info: \enddocument detected (standard20110627).
Package: atbegshi 2011/10/05 v1.16 At begin shipout hook (HO)
Package: refcount 2011/10/16 v3.4 Data extraction from label references (HO)
Package: hycolor 2011/01/30 v1.7 Color options for hyperref/bookmark (HO)
)
(/usr/local/texlive/2014/texmf-dist/tex/generic/ifxetex/ifxetex.sty
Package: ifxetex 2010/09/12 v0.6 Provides ifxetex conditional
)
(/usr/local/texlive/2014/texmf-dist/tex/latex/oberdiek/auxhook.sty
Package: auxhook 2011/03/04 v1.3 Hooks for auxiliary files (HO)
)
(/usr/local/texlive/2014/texmf-dist/tex/latex/oberdiek/kvoptions.sty
Package: kvoptions 2011/06/30 v3.11 Key value format for package options (HO)
)
\@linkdim=\dimen113
\Hy@linkcounter=\count94
\Hy@pagecounter=\count95

(/usr/local/texlive/2014/texmf-dist/tex/latex/hyperref/pd1enc.def
File: pd1enc.def 2012/11/06 v6.83m Hyperref: PDFDocEncoding definition (HO)
Now handling font encoding PD1 ...
... no UTF-8 mapping file for font encoding PD1
)
\Hy@SavedSpaceFactor=\count96
Package hyperref Info: Option `unicode' set `true' on input line 3411.

(/usr/local/texlive/2014/texmf-dist/tex/latex/hyperref/puenc.def
File: puenc.def 2012/11/06 v6.83m Hyperref: PDF Unicode definition (HO)
Now handling font encoding PU ...
... no UTF-8 mapping file for font encoding PU
)
(/usr/local/texlive/2014/texmf-dist/tex/latex/latexconfig/hyperref.cfg
File: hyperref.cfg 2002/06/06 v1.2 hyperref configuration of TeXLive
)
Package hyperref Info: Hyper figures OFF on input line 4443.
Package hyperref Info: Link nesting OFF on input line 4448.
Package hyperref Info: Hyper index ON on input line 4451.
Package hyperref Info: Plain pages OFF on input line 4458.
Package hyperref Info: Backreferencing OFF on input line 4463.
Package hyperref Info: Implicit mode ON; LaTeX internals redefined.
Package hyperref Info: Bookmarks ON on input line 4688.
\c@Hy@tempcnt=\count97

(/usr/local/texlive/2014/texmf-dist/tex/latex/url/url.sty
\Urlmuskip=\muskip10
Package: url 2013/09/16  ver 3.4  Verb mode for urls, etc.
)
LaTeX Info: Redefining \url on input line 5041.
\XeTeXLinkMargin=\dimen114
\Fld@menulength=\count98
\Field@Width=\dimen115
\Fld@charsize=\dimen116
Package hyperref Info: Hyper figures OFF on input line 6295.
Package hyperref Info: Link nesting OFF on input line 6300.
Package hyperref Info: Hyper index ON on input line 6303.
Package hyperref Info: backreferencing OFF on input line 6310.
Package hyperref Info: Link coloring OFF on input line 6315.
Package hyperref Info: Link coloring with OCG OFF on input line 6320.
Package hyperref Info: PDF/A mode OFF on input line 6325.
LaTeX Info: Redefining \ref on input line 6365.
LaTeX Info: Redefining \pageref on input line 6369.
\Hy@abspage=\count99
\c@Item=\count100
\c@Hfootnote=\count101
)

Package hyperref Message: Driver (autodetected): hpdftex.

(/usr/local/texlive/2014/texmf-dist/tex/latex/hyperref/hpdftex.def
File: hpdftex.def 2012/11/06 v6.83m Hyperref driver for pdfTeX
\Fld@listcount=\count102
\c@bookmark@seq@number=\count103

(/usr/local/texlive/2014/texmf-dist/tex/latex/oberdiek/rerunfilecheck.sty
Package: rerunfilecheck 2011/04/15 v1.7 Rerun checks for auxiliary files (HO)
Package uniquecounter Info: New unique counter `rerunfilecheck' on input line 2
82.
)
\Hy@SectionHShift=\skip43
)
(/usr/local/texlive/2014/texmf-dist/tex/latex/gnuplottex/gnuplottex.sty
Package: gnuplottex 2013/11/24 v0.8 gnuplot graphs in LaTeX

(/usr/local/texlive/2014/texmf-dist/tex/latex/base/latexsym.sty
Package: latexsym 1998/08/17 v2.2e Standard LaTeX package (lasy symbols)
\symlasy=\mathgroup4
LaTeX Font Info:    Overwriting symbol font `lasy' in version `bold'
(Font)                  U/lasy/m/n --> U/lasy/b/n on input line 47.
)
(/usr/local/texlive/2014/texmf-dist/tex/latex/moreverb/moreverb.sty
Package: moreverb 2008/06/03 v2.3a `more' verbatim facilities

(/usr/local/texlive/2014/texmf-dist/tex/latex/tools/verbatim.sty
Package: verbatim 2003/08/22 v1.5q LaTeX2e package for verbatim enhancements
\every@verbatim=\toks19
\verbatim@line=\toks20
\verbatim@in@stream=\read1
)
\tab@position=\count104
\tab@size=\count105
\listing@line=\count106
)
(/usr/local/texlive/2014/texmf-dist/tex/latex/base/ifthen.sty
Package: ifthen 2001/05/26 v1.1c Standard LaTeX ifthen package (DPC)
)
\verbatim@out=\write3
runsystem(touch w18-test-20175191433.tex)...executed.

runsystem(rm -f w18-test-20175191433.tex)...executed.

Package gnuplottex Info: Automatically converting gnuplot files. on input line 
109.
\c@fignum=\count107
)
(/usr/local/texlive/2014/texmf-dist/tex/latex/geometry/geometry.sty
Package: geometry 2010/09/12 v5.6 Page Geometry
\Gm@cnth=\count108
\Gm@cntv=\count109
\c@Gm@tempcnt=\count110
\Gm@bindingoffset=\dimen117
\Gm@wd@mp=\dimen118
\Gm@odd@mp=\dimen119
\Gm@even@mp=\dimen120
\Gm@layoutwidth=\dimen121
\Gm@layoutheight=\dimen122
\Gm@layouthoffset=\dimen123
\Gm@layoutvoffset=\dimen124
\Gm@dimlist=\toks21
)
(./report.aux
LaTeX Font Info:    Try loading font information for T2A+cmr on input line 20.
 (/usr/local/texlive/2014/texmf-dist/tex/latex/cyrillic/t2acmr.fd
File: t2acmr.fd 2001/08/11 v1.0a Computer Modern Cyrillic font definitions
)

LaTeX Warning: Label `ntrip' multiply defined.


LaTeX Warning: Label `ntrip' multiply defined.

)
\openout1 = `report.aux'.

LaTeX Font Info:    Checking defaults for OML/cmm/m/it on input line 33.
LaTeX Font Info:    ... okay on input line 33.
LaTeX Font Info:    Checking defaults for T1/cmr/m/n on input line 33.
LaTeX Font Info:    ... okay on input line 33.
LaTeX Font Info:    Checking defaults for OT1/cmr/m/n on input line 33.
LaTeX Font Info:    ... okay on input line 33.
LaTeX Font Info:    Checking defaults for OMS/cmsy/m/n on input line 33.
LaTeX Font Info:    ... okay on input line 33.
LaTeX Font Info:    Checking defaults for OMX/cmex/m/n on input line 33.
LaTeX Font Info:    ... okay on input line 33.
LaTeX Font Info:    Checking defaults for U/cmr/m/n on input line 33.
LaTeX Font Info:    ... okay on input line 33.
LaTeX Font Info:    Checking defaults for T2A/cmr/m/n on input line 33.
LaTeX Font Info:    ... okay on input line 33.
LaTeX Font Info:    Checking defaults for PD1/pdf/m/n on input line 33.
LaTeX Font Info:    ... okay on input line 33.
LaTeX Font Info:    Checking defaults for PU/pdf/m/n on input line 33.
LaTeX Font Info:    ... okay on input line 33.
 (/usr/local/texlive/2014/texmf-dist/tex/context/base/supp-pdf.mkii
[Loading MPS to PDF converter (version 2006.09.02).]
\scratchcounter=\count111
\scratchdimen=\dimen125
\scratchbox=\box29
\nofMPsegments=\count112
\nofMParguments=\count113
\everyMPshowfont=\toks22
\MPscratchCnt=\count114
\MPscratchDim=\dimen126
\MPnumerator=\count115
\makeMPintoPDFobject=\count116
\everyMPtoPDFconversion=\toks23
) (/usr/local/texlive/2014/texmf-dist/tex/latex/oberdiek/epstopdf-base.sty
Package: epstopdf-base 2010/02/09 v2.5 Base part for package epstopdf

(/usr/local/texlive/2014/texmf-dist/tex/latex/oberdiek/grfext.sty
Package: grfext 2010/08/19 v1.1 Manage graphics extensions (HO)
)
Package grfext Info: Graphics extension search list:
(grfext)             [.png,.pdf,.jpg,.mps,.jpeg,.jbig2,.jb2,.PNG,.PDF,.JPG,.JPE
G,.JBIG2,.JB2,.eps]
(grfext)             \AppendGraphicsExtensions on input line 452.

(/usr/local/texlive/2014/texmf-dist/tex/latex/latexconfig/epstopdf-sys.cfg
File: epstopdf-sys.cfg 2010/07/13 v1.3 Configuration of (r)epstopdf for TeX Liv
e
))
Package caption Info: Begin \AtBeginDocument code.
Package caption Info: float package is loaded.
Package caption Info: hyperref package is loaded.
Package caption Info: End \AtBeginDocument code.
\AtBeginShipoutBox=\box30
Package hyperref Info: Link coloring OFF on input line 33.

(/usr/local/texlive/2014/texmf-dist/tex/latex/hyperref/nameref.sty
Package: nameref 2012/10/27 v2.43 Cross-referencing by name of section

(/usr/local/texlive/2014/texmf-dist/tex/generic/oberdiek/gettitlestring.sty
Package: gettitlestring 2010/12/03 v1.4 Cleanup title references (HO)
)
\c@section@level=\count117
)
LaTeX Info: Redefining \ref on input line 33.
LaTeX Info: Redefining \pageref on input line 33.
LaTeX Info: Redefining \nameref on input line 33.

(./report.out) (./report.out)
\@outlinefile=\write4
\openout4 = `report.out'.


*geometry* driver: auto-detecting
*geometry* detected driver: pdftex
*geometry* verbose mode - [ preamble ] result:
* driver: pdftex
* paper: a4paper
* layout: <same size as paper>
* layoutoffset:(h,v)=(0.0pt,0.0pt)
* modes: 
* h-part:(L,W,R)=(56.9055pt, 497.92325pt, 42.67912pt)
* v-part:(T,H,B)=(85.35826pt, 702.78308pt, 56.9055pt)
* \paperwidth=597.50787pt
* \paperheight=845.04684pt
* \textwidth=497.92325pt
* \textheight=702.78308pt
* \oddsidemargin=-15.36449pt
* \evensidemargin=-15.36449pt
* \topmargin=-23.91173pt
* \headheight=12.0pt
* \headsep=25.0pt
* \topskip=12.0pt
* \footskip=30.0pt
* \marginparwidth=35.0pt
* \marginparsep=10.0pt
* \columnsep=10.0pt
* \skip\footins=10.8pt plus 4.0pt minus 2.0pt
* \hoffset=0.0pt
* \voffset=0.0pt
* \mag=1000
* \@twocolumnfalse
* \@twosidefalse
* \@mparswitchfalse
* \@reversemarginfalse
* (1in=72.27pt=25.4mm, 1cm=28.453pt)

Package babel Info: Redefining russian shorthand "|
(babel)             in language  on input line 56.
Package babel Info: Redefining russian shorthand "~
(babel)             in language  on input line 56.
Package babel Info: Redefining russian shorthand "|
(babel)             in language  on input line 56.
Package babel Info: Redefining russian shorthand "~
(babel)             in language  on input line 56.
[1

{/usr/local/texlive/2014/texmf-var/fonts/map/pdftex/updmap/pdftex.map}]
Package babel Info: Redefining russian shorthand "|
(babel)             in language  on input line 79.
Package babel Info: Redefining russian shorthand "~
(babel)             in language  on input line 79.
Package babel Info: Redefining russian shorthand "|
(babel)             in language  on input line 79.
Package babel Info: Redefining russian shorthand "~
(babel)             in language  on input line 79.
pdfTeX warning (ext4): destination with the same identifier (name{page.1}) has 
been already used, duplicate ignored
<to be read again> 
                   \relax 
l.79 \end{titlepage}
                     [1] (./report.toc
LaTeX Font Info:    External font `cmex10' loaded for size
(Font)              <14.4> on input line 4.
LaTeX Font Info:    External font `cmex10' loaded for size
(Font)              <7> on input line 4.
LaTeX Font Info:    Try loading font information for U+lasy on input line 4.

(/usr/local/texlive/2014/texmf-dist/tex/latex/base/ulasy.fd
File: ulasy.fd 1998/08/17 v2.2e LaTeX symbol font definitions
))
\tf@toc=\write5
\openout5 = `report.toc'.

Package babel Info: Redefining russian shorthand "|
(babel)             in language  on input line 82.
Package babel Info: Redefining russian shorthand "~
(babel)             in language  on input line 82.
Package babel Info: Redefining russian shorthand "|
(babel)             in language  on input line 82.
Package babel Info: Redefining russian shorthand "~
(babel)             in language  on input line 82.
pdfTeX warning (ext4): destination with the same identifier (name{page.1}) has 
been already used, duplicate ignored
<to be read again> 
                   \relax 
l.82 \newpage
              [1]
Package babel Info: Redefining russian shorthand "|
(babel)             in language  on input line 86.
Package babel Info: Redefining russian shorthand "~
(babel)             in language  on input line 86.
Package babel Info: Redefining russian shorthand "|
(babel)             in language  on input line 99.
Package babel Info: Redefining russian shorthand "~
(babel)             in language  on input line 99.
Package babel Info: Redefining russian shorthand "|
(babel)             in language  on input line 99.
Package babel Info: Redefining russian shorthand "~
(babel)             in language  on input line 99.
 [2]
Package babel Info: Redefining russian shorthand "|
(babel)             in language  on input line 118.
Package babel Info: Redefining russian shorthand "~
(babel)             in language  on input line 118.
Package babel Info: Redefining russian shorthand "|
(babel)             in language  on input line 118.
Package babel Info: Redefining russian shorthand "~
(babel)             in language  on input line 118.
 [3]
Package babel Info: Redefining russian shorthand "|
(babel)             in language  on input line 131.
Package babel Info: Redefining russian shorthand "~
(babel)             in language  on input line 131.
Package babel Info: Redefining russian shorthand "|
(babel)             in language  on input line 131.
Package babel Info: Redefining russian shorthand "~
(babel)             in language  on input line 131.
 [4]
Package babel Info: Redefining russian shorthand "|
(babel)             in language  on input line 131.
Package babel Info: Redefining russian shorthand "~
(babel)             in language  on input line 131.
Package babel Info: Redefining russian shorthand "|
(babel)             in language  on input line 131.
Package babel Info: Redefining russian shorthand "~
(babel)             in language  on input line 131.
 [5]
{\cyrillictext \CYRG \cyrl \cyra \cyrv \cyra } 1.
Package babel Info: Redefining russian shorthand "|
(babel)             in language  on input line 133.
Package babel Info: Redefining russian shorthand "~
(babel)             in language  on input line 133.
Package babel Info: Redefining russian shorthand "|
(babel)             in language  on input line 135.
Package babel Info: Redefining russian shorthand "~
(babel)             in language  on input line 135.
Package babel Info: Redefining russian shorthand "|
(babel)             in language  on input line 148.
Package babel Info: Redefining russian shorthand "~
(babel)             in language  on input line 148.
Package babel Info: Redefining russian shorthand "|
(babel)             in language  on input line 148.
Package babel Info: Redefining russian shorthand "~
(babel)             in language  on input line 148.
[6]
Overfull \hbox (1.704pt too wide) in paragraph at lines 153--161
[]\T2A/cmr/m/n/14.4  -  -  ---  - --
-- -  -
 []

Package babel Info: Redefining russian shorthand "|
(babel)             in language  on input line 161.
Package babel Info: Redefining russian shorthand "~
(babel)             in language  on input line 161.
Package babel Info: Redefining russian shorthand "|
(babel)             in language  on input line 161.
Package babel Info: Redefining russian shorthand "~
(babel)             in language  on input line 161.
[7]
Package babel Info: Redefining russian shorthand "|
(babel)             in language  on input line 171.
Package babel Info: Redefining russian shorthand "~
(babel)             in language  on input line 171.
Package babel Info: Redefining russian shorthand "|
(babel)             in language  on input line 185.
Package babel Info: Redefining russian shorthand "~
(babel)             in language  on input line 185.
Package babel Info: Redefining russian shorthand "|
(babel)             in language  on input line 185.
Package babel Info: Redefining russian shorthand "~
(babel)             in language  on input line 185.
 [8]
Package babel Info: Redefining russian shorthand "|
(babel)             in language  on input line 190.
Package babel Info: Redefining russian shorthand "~
(babel)             in language  on input line 190.
Package babel Info: Redefining russian shorthand "|
(babel)             in language  on input line 190.
Package babel Info: Redefining russian shorthand "~
(babel)             in language  on input line 190.
 [9]
Package babel Info: Redefining russian shorthand "|
(babel)             in language  on input line 207.
Package babel Info: Redefining russian shorthand "~
(babel)             in language  on input line 207.
Package babel Info: Redefining russian shorthand "|
(babel)             in language  on input line 207.
Package babel Info: Redefining russian shorthand "~
(babel)             in language  on input line 207.
 [10]
Package babel Info: Redefining russian shorthand "|
(babel)             in language  on input line 223.
Package babel Info: Redefining russian shorthand "~
(babel)             in language  on input line 223.
Package babel Info: Redefining russian shorthand "|
(babel)             in language  on input line 223.
Package babel Info: Redefining russian shorthand "~
(babel)             in language  on input line 223.
 [11]
Package babel Info: Redefining russian shorthand "|
(babel)             in language  on input line 225.
Package babel Info: Redefining russian shorthand "~
(babel)             in language  on input line 225.
Package babel Info: Redefining russian shorthand "|
(babel)             in language  on input line 236.
Package babel Info: Redefining russian shorthand "~
(babel)             in language  on input line 236.
Package babel Info: Redefining russian shorthand "|
(babel)             in language  on input line 236.
Package babel Info: Redefining russian shorthand "~
(babel)             in language  on input line 236.
 [12]
Package babel Info: Redefining russian shorthand "|
(babel)             in language  on input line 251.
Package babel Info: Redefining russian shorthand "~
(babel)             in language  on input line 251.
Package babel Info: Redefining russian shorthand "|
(babel)             in language  on input line 251.
Package babel Info: Redefining russian shorthand "~
(babel)             in language  on input line 251.
 [13]
Package babel Info: Redefining russian shorthand "|
(babel)             in language  on input line 261.
Package babel Info: Redefining russian shorthand "~
(babel)             in language  on input line 261.
Package babel Info: Redefining russian shorthand "|
(babel)             in language  on input line 264.
Package babel Info: Redefining russian shorthand "~
(babel)             in language  on input line 264.
Package babel Info: Redefining russian shorthand "|
(babel)             in language  on input line 264.
Package babel Info: Redefining russian shorthand "~
(babel)             in language  on input line 264.
 [14]
Underfull \hbox (badness 10000) in paragraph at lines 265--270

 []

<Images/rtcm_groups.jpg, id=158, 943.525pt x 824.07875pt>
File: Images/rtcm_groups.jpg Graphic file (type jpg)

<use Images/rtcm_groups.jpg>
Package pdftex.def Info: Images/rtcm_groups.jpg used on input line 272.
(pdftex.def)             Requested size: 348.54475pt x 304.42653pt.


LaTeX Warning: `h' float specifier changed to `ht'.


Underfull \hbox (badness 10000) in paragraph at lines 279--284

 []

Package babel Info: Redefining russian shorthand "|
(babel)             in language  on input line 284.
Package babel Info: Redefining russian shorthand "~
(babel)             in language  on input line 284.
Package babel Info: Redefining russian shorthand "|
(babel)             in language  on input line 284.
Package babel Info: Redefining russian shorthand "~
(babel)             in language  on input line 284.
[15] <Images/ntrip.jpg, id=167, 586.19pt x 555.07375pt>
File: Images/ntrip.jpg Graphic file (type jpg)
 <use Images/ntrip.jpg>
Package pdftex.def Info: Images/ntrip.jpg used on input line 286.
(pdftex.def)             Requested size: 348.54475pt x 330.04005pt.


LaTeX Warning: `h' float specifier changed to `ht'.


Underfull \hbox (badness 10000) in paragraph at lines 291--313

 []

Package babel Info: Redefining russian shorthand "|
(babel)             in language  on input line 313.
Package babel Info: Redefining russian shorthand "~
(babel)             in language  on input line 313.
Package babel Info: Redefining russian shorthand "|
(babel)             in language  on input line 313.
Package babel Info: Redefining russian shorthand "~
(babel)             in language  on input line 313.
[16 <./Images/rtcm_groups.jpg>]
Package babel Info: Redefining russian shorthand "|
(babel)             in language  on input line 313.
Package babel Info: Redefining russian shorthand "~
(babel)             in language  on input line 313.
Package babel Info: Redefining russian shorthand "|
(babel)             in language  on input line 313.
Package babel Info: Redefining russian shorthand "~
(babel)             in language  on input line 313.
 [17 <./Images/ntrip.jpg>]
Package babel Info: Redefining russian shorthand "|
(babel)             in language  on input line 314.
Package babel Info: Redefining russian shorthand "~
(babel)             in language  on input line 314.
Package babel Info: Redefining russian shorthand "|
(babel)             in language  on input line 314.
Package babel Info: Redefining russian shorthand "~
(babel)             in language  on input line 314.
 [18]
{\cyrillictext \CYRG \cyrl \cyra \cyrv \cyra } 2.
Package babel Info: Redefining russian shorthand "|
(babel)             in language  on input line 316.
Package babel Info: Redefining russian shorthand "~
(babel)             in language  on input line 316.
Package babel Info: Redefining russian shorthand "|
(babel)             in language  on input line 318.
Package babel Info: Redefining russian shorthand "~
(babel)             in language  on input line 318.

Overfull \hbox (17.94772pt too wide) in paragraph at lines 322--327
[]\T2A/cmr/m/n/14.4   - --  -  - SBAS (Satel
lite-Based Augmentation
 []

Package babel Info: Redefining russian shorthand "|
(babel)             in language  on input line 330.
Package babel Info: Redefining russian shorthand "~
(babel)             in language  on input line 330.
Package babel Info: Redefining russian shorthand "|
(babel)             in language  on input line 330.
Package babel Info: Redefining russian shorthand "~
(babel)             in language  on input line 330.
[19] <Images/map.jpg, id=186, 853.1875pt x 682.55pt>
File: Images/map.jpg Graphic file (type jpg)
 <use Images/map.jpg>
Package pdftex.def Info: Images/map.jpg used on input line 332.
(pdftex.def)             Requested size: 448.12788pt x 358.51076pt.
LaTeX Font Info:    Try loading font information for T2A+cmtt on input line 337
.

(/usr/local/texlive/2014/texmf-dist/tex/latex/cyrillic/t2acmtt.fd
File: t2acmtt.fd 2001/08/11 v1.0a Computer Modern Cyrillic font definitions
)
Overfull \hbox (20.05444pt too wide) in paragraph at lines 341--349
\T2A/cmr/m/n/14.4 -- -- . -- -- --
-- Hive GNSS ([]$\T2A/cmtt/m/n/14.4 https :
 []

Package babel Info: Redefining russian shorthand "|
(babel)             in language  on input line 349.
Package babel Info: Redefining russian shorthand "~
(babel)             in language  on input line 349.
Package babel Info: Redefining russian shorthand "|
(babel)             in language  on input line 349.
Package babel Info: Redefining russian shorthand "~
(babel)             in language  on input line 349.
[20 <./Images/map.jpg>]
LaTeX Font Info:    External font `cmex10' loaded for size
(Font)              <5> on input line 356.

Underfull \hbox (badness 10000) in paragraph at lines 360--360
[][]$\T2A/cmtt/m/n/10 https : / / www . igs-[]ip .
 []


Underfull \hbox (badness 10000) in paragraph at lines 361--361
[]\T2A/cmr/m/n/10 EUREF Permanent
 []


Underfull \hbox (badness 10000) in paragraph at lines 362--362
[][]$\T2A/cmtt/m/n/10 http : / / www . euref-[]ip .
 []


Underfull \hbox (badness 10000) in paragraph at lines 364--364
[][]$\T2A/cmtt/m/n/10 https : / / hive .
 []


Underfull \hbox (badness 1024) in paragraph at lines 365--366
\T2A/cmr/m/n/10 - ----- - -. -
 []


Underfull \hbox (badness 10000) in paragraph at lines 368--368
[][]$\T2A/cmtt/m/n/10 http : / / smartnet-[]ru .
 []


Underfull \hbox (badness 10000) in paragraph at lines 371--371
[][]$\T2A/cmtt/m/n/10 http : / / ref . kgainfo .
 []


Underfull \hbox (badness 1490) in paragraph at lines 372--373
\T2A/cmr/m/n/10 RTK -  500 ./, RINEX -  1000
 []


Underfull \hbox (badness 10000) in paragraph at lines 375--376
[][]$\T2A/cmtt/m/n/10 http : / / http :
 []


Underfull \hbox (badness 10000) in paragraph at lines 375--376
\T2A/cmtt/m/n/10 / / stonexpositioning .
 []


Underfull \hbox (badness 10000) in paragraph at lines 375--376
\T2A/cmtt/m/n/10 com / index . php /
 []


Underfull \hbox (badness 10000) in paragraph at lines 375--376
\T2A/cmtt/m/n/10 en / media-[]center /
 []


Underfull \hbox (badness 10000) in paragraph at lines 375--376
\T2A/cmtt/m/n/10 case-[]history /
 []

Package babel Info: Redefining russian shorthand "|
(babel)             in language  on input line 379.
Package babel Info: Redefining russian shorthand "~
(babel)             in language  on input line 379.
Package babel Info: Redefining russian shorthand "|
(babel)             in language  on input line 379.
Package babel Info: Redefining russian shorthand "~
(babel)             in language  on input line 379.
[21]
Package babel Info: Redefining russian shorthand "|
(babel)             in language  on input line 384.
Package babel Info: Redefining russian shorthand "~
(babel)             in language  on input line 384.
Package babel Info: Redefining russian shorthand "|
(babel)             in language  on input line 384.
Package babel Info: Redefining russian shorthand "~
(babel)             in language  on input line 384.
 [22]
Package babel Info: Redefining russian shorthand "|
(babel)             in language  on input line 385.
Package babel Info: Redefining russian shorthand "~
(babel)             in language  on input line 385.
Package babel Info: Redefining russian shorthand "|
(babel)             in language  on input line 402.
Package babel Info: Redefining russian shorthand "~
(babel)             in language  on input line 402.
Package babel Info: Redefining russian shorthand "|
(babel)             in language  on input line 402.
Package babel Info: Redefining russian shorthand "~
(babel)             in language  on input line 402.
 [23] <Images/progr.jpg, id=236, 1113.15875pt x 621.32124pt>
File: Images/progr.jpg Graphic file (type jpg)

<use Images/progr.jpg>
Package pdftex.def Info: Images/progr.jpg used on input line 404.
(pdftex.def)             Requested size: 448.12788pt x 250.12631pt.
Package babel Info: Redefining russian shorthand "|
(babel)             in language  on input line 416.
Package babel Info: Redefining russian shorthand "~
(babel)             in language  on input line 416.
Package babel Info: Redefining russian shorthand "|
(babel)             in language  on input line 416.
Package babel Info: Redefining russian shorthand "~
(babel)             in language  on input line 416.
 [24 <./Images/progr.jpg>]
Underfull \hbox (badness 10000) in paragraph at lines 427--427
[][]$\T2A/cmtt/m/n/10 https : / / igs . bkg . bund .
 []


Underfull \hbox (badness 10000) in paragraph at lines 429--429
[][]$\T2A/cmtt/m/n/10 http : / / lefebure . com /
 []


Underfull \hbox (badness 10000) in paragraph at lines 432--432
[]\T2A/cmr/m/n/10 Standard Ntrip
 []


Underfull \hbox (badness 10000) in paragraph at lines 433--433
[][]$\T2A/cmtt/m/n/10 https : / / github . com /
 []


Underfull \hbox (badness 10000) in paragraph at lines 435--436
[][]$\T2A/cmtt/m/n/10 http : / /
 []


Underfull \hbox (badness 10000) in paragraph at lines 435--436
\T2A/cmtt/m/n/10 leica-[]geosystems .
 []


Underfull \hbox (badness 10000) in paragraph at lines 435--436
\T2A/cmtt/m/n/10 com / products / . . . /
 []

Package babel Info: Redefining russian shorthand "|
(babel)             in language  on input line 439.
Package babel Info: Redefining russian shorthand "~
(babel)             in language  on input line 439.
Package babel Info: Redefining russian shorthand "|
(babel)             in language  on input line 439.
Package babel Info: Redefining russian shorthand "~
(babel)             in language  on input line 439.
[25]
Package babel Info: Redefining russian shorthand "|
(babel)             in language  on input line 446.
Package babel Info: Redefining russian shorthand "~
(babel)             in language  on input line 446.
Package babel Info: Redefining russian shorthand "|
(babel)             in language  on input line 446.
Package babel Info: Redefining russian shorthand "~
(babel)             in language  on input line 446.
 [26]
{\cyrillictext \CYRG \cyrl \cyra \cyrv \cyra } 3.
Package babel Info: Redefining russian shorthand "|
(babel)             in language  on input line 448.
Package babel Info: Redefining russian shorthand "~
(babel)             in language  on input line 448.
Package babel Info: Redefining russian shorthand "|
(babel)             in language  on input line 459.
Package babel Info: Redefining russian shorthand "~
(babel)             in language  on input line 459.
Package babel Info: Redefining russian shorthand "|
(babel)             in language  on input line 470.
Package babel Info: Redefining russian shorthand "~
(babel)             in language  on input line 470.
Package babel Info: Redefining russian shorthand "|
(babel)             in language  on input line 470.
Package babel Info: Redefining russian shorthand "~
(babel)             in language  on input line 470.
[27] <Images/icemap.png, id=270, 401.5pt x 401.5pt>
File: Images/icemap.png Graphic file (type png)
 <use Images/icemap.png>
Package pdftex.def Info: Images/icemap.png used on input line 477.
(pdftex.def)             Requested size: 348.54475pt x 348.567pt.
Package babel Info: Redefining russian shorthand "|
(babel)             in language  on input line 480.
Package babel Info: Redefining russian shorthand "~
(babel)             in language  on input line 480.
Package babel Info: Redefining russian shorthand "|
(babel)             in language  on input line 480.
Package babel Info: Redefining russian shorthand "~
(babel)             in language  on input line 480.

[28]
Package babel Info: Redefining russian shorthand "|
(babel)             in language  on input line 486.
Package babel Info: Redefining russian shorthand "~
(babel)             in language  on input line 486.
Package babel Info: Redefining russian shorthand "|
(babel)             in language  on input line 499.
Package babel Info: Redefining russian shorthand "~
(babel)             in language  on input line 499.
Package babel Info: Redefining russian shorthand "|
(babel)             in language  on input line 499.
Package babel Info: Redefining russian shorthand "~
(babel)             in language  on input line 499.
 [29 <./Images/icemap.png>]
Package babel Info: Redefining russian shorthand "|
(babel)             in language  on input line 507.
Package babel Info: Redefining russian shorthand "~
(babel)             in language  on input line 507.
Package babel Info: Redefining russian shorthand "|
(babel)             in language  on input line 507.
Package babel Info: Redefining russian shorthand "~
(babel)             in language  on input line 507.
 [30]
\openout3 = `report-gnuplottex-fig1.gnuplot'.


Opening gnuplot stream report-gnuplottex-fig1.gnuplot
runsystem(gnuplot report-gnuplottex-fig1.gnuplot)...executed.

Package gnuplottex Info: report-gnuplottex-fig1.gnuplot converted on input line
 522.

(./report-gnuplottex-fig1.tex
\gptboxheight=\skip44
\gptboxwidth=\skip45
\gptboxtext=\box31
LaTeX Font Info:    External font `cmex10' loaded for size
(Font)              <12> on input line 118.
LaTeX Font Info:    External font `cmex10' loaded for size
(Font)              <8> on input line 118.
LaTeX Font Info:    External font `cmex10' loaded for size
(Font)              <6> on input line 118.
Package epstopdf Info: Source file: <report-gnuplottex-fig1.eps>
(epstopdf)                    date: 2017-05-19 23:53:15
(epstopdf)                    size: 22622 bytes
(epstopdf)             Output file: <report-gnuplottex-fig1-eps-converted-to.pd
f>
(epstopdf)                    date: 2017-05-19 21:47:58
(epstopdf)                    size: 7920 bytes
(epstopdf)             Command: <epstopdf --outfile=report-gnuplottex-fig1-eps-
converted-to.pdf report-gnuplottex-fig1.eps>
(epstopdf)             \includegraphics on input line 119.
runsystem(epstopdf --outfile=report-gnuplottex-fig1-eps-converted-to.pdf report
-gnuplottex-fig1.eps)...executed.

Package epstopdf Info: Result file: <report-gnuplottex-fig1-eps-converted-to.pd
f>
(epstopdf)                    date: 2017-05-19 23:53:16
(epstopdf)                    size: 7920 bytes.

<report-gnuplottex-fig1-eps-converted-to.pdf, id=296, 454.69875pt x 198.7425pt>
File: report-gnuplottex-fig1-eps-converted-to.pdf Graphic file (type pdf)
<use report-gnuplottex-fig1-eps-converted-to.pdf>
Package pdftex.def Info: report-gnuplottex-fig1-eps-converted-to.pdf used on in
put line 119.
(pdftex.def)             Requested size: 454.69763pt x 198.742pt.
)
\openout3 = `report-gnuplottex-fig2.gnuplot'.


Opening gnuplot stream report-gnuplottex-fig2.gnuplot
runsystem(gnuplot report-gnuplottex-fig2.gnuplot)...executed.

Package gnuplottex Info: report-gnuplottex-fig2.gnuplot converted on input line
 540.

(./report-gnuplottex-fig2.tex
Package epstopdf Info: Source file: <report-gnuplottex-fig2.eps>
(epstopdf)                    date: 2017-05-19 23:53:16
(epstopdf)                    size: 22769 bytes
(epstopdf)             Output file: <report-gnuplottex-fig2-eps-converted-to.pd
f>
(epstopdf)                    date: 2017-05-19 21:47:59
(epstopdf)                    size: 7981 bytes
(epstopdf)             Command: <epstopdf --outfile=report-gnuplottex-fig2-eps-
converted-to.pdf report-gnuplottex-fig2.eps>
(epstopdf)             \includegraphics on input line 121.
runsystem(epstopdf --outfile=report-gnuplottex-fig2-eps-converted-to.pdf report
-gnuplottex-fig2.eps)...executed.

Package epstopdf Info: Result file: <report-gnuplottex-fig2-eps-converted-to.pd
f>
(epstopdf)                    date: 2017-05-19 23:53:16
(epstopdf)                    size: 7981 bytes.

<report-gnuplottex-fig2-eps-converted-to.pdf, id=297, 454.69875pt x 198.7425pt>
File: report-gnuplottex-fig2-eps-converted-to.pdf Graphic file (type pdf)
<use report-gnuplottex-fig2-eps-converted-to.pdf>
Package pdftex.def Info: report-gnuplottex-fig2-eps-converted-to.pdf used on in
put line 121.
(pdftex.def)             Requested size: 454.69763pt x 198.742pt.
)
\openout3 = `report-gnuplottex-fig3.gnuplot'.


Opening gnuplot stream report-gnuplottex-fig3.gnuplot
runsystem(gnuplot report-gnuplottex-fig3.gnuplot)...executed.

Package gnuplottex Info: report-gnuplottex-fig3.gnuplot converted on input line
 558.

(./report-gnuplottex-fig3.tex
Package epstopdf Info: Source file: <report-gnuplottex-fig3.eps>
(epstopdf)                    date: 2017-05-19 23:53:16
(epstopdf)                    size: 22769 bytes
(epstopdf)             Output file: <report-gnuplottex-fig3-eps-converted-to.pd
f>
(epstopdf)                    date: 2017-05-19 21:47:59
(epstopdf)                    size: 7685 bytes
(epstopdf)             Command: <epstopdf --outfile=report-gnuplottex-fig3-eps-
converted-to.pdf report-gnuplottex-fig3.eps>
(epstopdf)             \includegraphics on input line 121.
runsystem(epstopdf --outfile=report-gnuplottex-fig3-eps-converted-to.pdf report
-gnuplottex-fig3.eps)...executed.

Package epstopdf Info: Result file: <report-gnuplottex-fig3-eps-converted-to.pd
f>
(epstopdf)                    date: 2017-05-19 23:53:17
(epstopdf)                    size: 7685 bytes.

<report-gnuplottex-fig3-eps-converted-to.pdf, id=298, 454.69875pt x 198.7425pt>
File: report-gnuplottex-fig3-eps-converted-to.pdf Graphic file (type pdf)
<use report-gnuplottex-fig3-eps-converted-to.pdf>
Package pdftex.def Info: report-gnuplottex-fig3-eps-converted-to.pdf used on in
put line 121.
(pdftex.def)             Requested size: 454.69763pt x 198.742pt.
)
Package babel Info: Redefining russian shorthand "|
(babel)             in language  on input line 561.
Package babel Info: Redefining russian shorthand "~
(babel)             in language  on input line 561.
Package babel Info: Redefining russian shorthand "|
(babel)             in language  on input line 561.
Package babel Info: Redefining russian shorthand "~
(babel)             in language  on input line 561.
 [31 <./report-gnuplottex-fig1-eps-converted-to.pdf> <./report-gnuplottex-fig2-
eps-converted-to.pdf>]
\openout3 = `report-gnuplottex-fig4.gnuplot'.


Opening gnuplot stream report-gnuplottex-fig4.gnuplot
runsystem(gnuplot report-gnuplottex-fig4.gnuplot)...executed.

Package gnuplottex Info: report-gnuplottex-fig4.gnuplot converted on input line
 576.

(./report-gnuplottex-fig4.tex
Package epstopdf Info: Source file: <report-gnuplottex-fig4.eps>
(epstopdf)                    date: 2017-05-19 23:53:17
(epstopdf)                    size: 23153 bytes
(epstopdf)             Output file: <report-gnuplottex-fig4-eps-converted-to.pd
f>
(epstopdf)                    date: 2017-05-19 21:48:00
(epstopdf)                    size: 8115 bytes
(epstopdf)             Command: <epstopdf --outfile=report-gnuplottex-fig4-eps-
converted-to.pdf report-gnuplottex-fig4.eps>
(epstopdf)             \includegraphics on input line 127.
runsystem(epstopdf --outfile=report-gnuplottex-fig4-eps-converted-to.pdf report
-gnuplottex-fig4.eps)...executed.

Package epstopdf Info: Result file: <report-gnuplottex-fig4-eps-converted-to.pd
f>
(epstopdf)                    date: 2017-05-19 23:53:17
(epstopdf)                    size: 8115 bytes.

<report-gnuplottex-fig4-eps-converted-to.pdf, id=312, 454.69875pt x 198.7425pt>
File: report-gnuplottex-fig4-eps-converted-to.pdf Graphic file (type pdf)
<use report-gnuplottex-fig4-eps-converted-to.pdf>
Package pdftex.def Info: report-gnuplottex-fig4-eps-converted-to.pdf used on in
put line 127.
(pdftex.def)             Requested size: 454.69763pt x 198.742pt.
)
\openout3 = `report-gnuplottex-fig5.gnuplot'.


Opening gnuplot stream report-gnuplottex-fig5.gnuplot
runsystem(gnuplot report-gnuplottex-fig5.gnuplot)...executed.

Package gnuplottex Info: report-gnuplottex-fig5.gnuplot converted on input line
 593.

(./report-gnuplottex-fig5.tex
Package epstopdf Info: Source file: <report-gnuplottex-fig5.eps>
(epstopdf)                    date: 2017-05-19 23:53:17
(epstopdf)                    size: 23033 bytes
(epstopdf)             Output file: <report-gnuplottex-fig5-eps-converted-to.pd
f>
(epstopdf)                    date: 2017-05-19 21:48:00
(epstopdf)                    size: 8114 bytes
(epstopdf)             Command: <epstopdf --outfile=report-gnuplottex-fig5-eps-
converted-to.pdf report-gnuplottex-fig5.eps>
(epstopdf)             \includegraphics on input line 125.
runsystem(epstopdf --outfile=report-gnuplottex-fig5-eps-converted-to.pdf report
-gnuplottex-fig5.eps)...executed.

Package epstopdf Info: Result file: <report-gnuplottex-fig5-eps-converted-to.pd
f>
(epstopdf)                    date: 2017-05-19 23:53:18
(epstopdf)                    size: 8114 bytes.

<report-gnuplottex-fig5-eps-converted-to.pdf, id=313, 454.69875pt x 198.7425pt>
File: report-gnuplottex-fig5-eps-converted-to.pdf Graphic file (type pdf)
<use report-gnuplottex-fig5-eps-converted-to.pdf>
Package pdftex.def Info: report-gnuplottex-fig5-eps-converted-to.pdf used on in
put line 125.
(pdftex.def)             Requested size: 454.69763pt x 198.742pt.
)
\openout3 = `report-gnuplottex-fig6.gnuplot'.


Opening gnuplot stream report-gnuplottex-fig6.gnuplot
runsystem(gnuplot report-gnuplottex-fig6.gnuplot)...executed.

Package gnuplottex Info: report-gnuplottex-fig6.gnuplot converted on input line
 610.

(./report-gnuplottex-fig6.tex
Package epstopdf Info: Source file: <report-gnuplottex-fig6.eps>
(epstopdf)                    date: 2017-05-19 23:53:18
(epstopdf)                    size: 22766 bytes
(epstopdf)             Output file: <report-gnuplottex-fig6-eps-converted-to.pd
f>
(epstopdf)                    date: 2017-05-19 21:48:01
(epstopdf)                    size: 8001 bytes
(epstopdf)             Command: <epstopdf --outfile=report-gnuplottex-fig6-eps-
converted-to.pdf report-gnuplottex-fig6.eps>
(epstopdf)             \includegraphics on input line 121.
runsystem(epstopdf --outfile=report-gnuplottex-fig6-eps-converted-to.pdf report
-gnuplottex-fig6.eps)...executed.

Package epstopdf Info: Result file: <report-gnuplottex-fig6-eps-converted-to.pd
f>
(epstopdf)                    date: 2017-05-19 23:53:18
(epstopdf)                    size: 8001 bytes.

<report-gnuplottex-fig6-eps-converted-to.pdf, id=314, 454.69875pt x 198.7425pt>
File: report-gnuplottex-fig6-eps-converted-to.pdf Graphic file (type pdf)
<use report-gnuplottex-fig6-eps-converted-to.pdf>
Package pdftex.def Info: report-gnuplottex-fig6-eps-converted-to.pdf used on in
put line 121.
(pdftex.def)             Requested size: 454.69763pt x 198.742pt.
)
Package babel Info: Redefining russian shorthand "|
(babel)             in language  on input line 613.
Package babel Info: Redefining russian shorthand "~
(babel)             in language  on input line 613.
Package babel Info: Redefining russian shorthand "|
(babel)             in language  on input line 613.
Package babel Info: Redefining russian shorthand "~
(babel)             in language  on input line 613.
 [32 <./report-gnuplottex-fig3-eps-converted-to.pdf> <./report-gnuplottex-fig4-
eps-converted-to.pdf> <./report-gnuplottex-fig5-eps-converted-to.pdf>]
<Images/vostok.png, id=328, 1003.75pt x 1003.75pt>
File: Images/vostok.png Graphic file (type png)
 <use Images/vostok.png>
Package pdftex.def Info: Images/vostok.png used on input line 621.
(pdftex.def)             Requested size: 348.54475pt x 348.54558pt.
Package babel Info: Redefining russian shorthand "|
(babel)             in language  on input line 624.
Package babel Info: Redefining russian shorthand "~
(babel)             in language  on input line 624.
Package babel Info: Redefining russian shorthand "|
(babel)             in language  on input line 624.
Package babel Info: Redefining russian shorthand "~
(babel)             in language  on input line 624.

[33 <./report-gnuplottex-fig6-eps-converted-to.pdf>]
Package babel Info: Redefining russian shorthand "|
(babel)             in language  on input line 627.
Package babel Info: Redefining russian shorthand "~
(babel)             in language  on input line 627.
Package babel Info: Redefining russian shorthand "|
(babel)             in language  on input line 627.
Package babel Info: Redefining russian shorthand "~
(babel)             in language  on input line 627.
 [34 <./Images/vostok.png (PNG copy)>]
{\cyrillictext \CYRG \cyrl \cyra \cyrv \cyra } 4.
Package babel Info: Redefining russian shorthand "|
(babel)             in language  on input line 629.
Package babel Info: Redefining russian shorthand "~
(babel)             in language  on input line 629.
Package babel Info: Redefining russian shorthand "|
(babel)             in language  on input line 642.
Package babel Info: Redefining russian shorthand "~
(babel)             in language  on input line 642.
Package babel Info: Redefining russian shorthand "|
(babel)             in language  on input line 642.
Package babel Info: Redefining russian shorthand "~
(babel)             in language  on input line 642.
[35]
Package babel Info: Redefining russian shorthand "|
(babel)             in language  on input line 643.
Package babel Info: Redefining russian shorthand "~
(babel)             in language  on input line 643.

Underfull \hbox (badness 3942) in paragraph at lines 660--665
[]\T2A/cmr/m/n/14.4 .., \T2A/cmr/m/it/14.4 ---- --
---  -- --
 []

Package babel Info: Redefining russian shorthand "|
(babel)             in language  on input line 688.
Package babel Info: Redefining russian shorthand "~
(babel)             in language  on input line 688.
Package babel Info: Redefining russian shorthand "|
(babel)             in language  on input line 688.
Package babel Info: Redefining russian shorthand "~
(babel)             in language  on input line 688.
[36]
Package atveryend Info: Empty hook `BeforeClearDocument' on input line 714.
Package babel Info: Redefining russian shorthand "|
(babel)             in language  on input line 714.
Package babel Info: Redefining russian shorthand "~
(babel)             in language  on input line 714.
Package babel Info: Redefining russian shorthand "|
(babel)             in language  on input line 714.
Package babel Info: Redefining russian shorthand "~
(babel)             in language  on input line 714.
 [37]
Package atveryend Info: Empty hook `AfterLastShipout' on input line 714.
 (./report.aux)
Package atveryend Info: Executing hook `AtVeryEndDocument' on input line 714.
Package atveryend Info: Executing hook `AtEndAfterFileList' on input line 714.
Package rerunfilecheck Info: File `report.out' has not changed.
(rerunfilecheck)             Checksum: 10C2E3AA995913F541AA4288F75D4F45;3034.


LaTeX Warning: There were multiply-defined labels.

Package atveryend Info: Empty hook `AtVeryVeryEnd' on input line 714.
 ) 
Here is how much of TeX's memory you used:
 11578 strings out of 493117
 165935 string characters out of 6135433
 244437 words of memory out of 5000000
 14797 multiletter control sequences out of 15000+600000
 19549 words of font info for 50 fonts, out of 8000000 for 9000
 1141 hyphenation exceptions out of 8191
 36i,10n,38p,841b,450s stack positions out of 5000i,500n,10000p,200000b,80000s
{/usr/local/texlive/2014/texmf-dist/fonts/enc/dvips/cm-super/cm-super-t2a.enc
}</usr/local/texlive/2014/texmf-dist/fonts/type1/public/amsfonts/cm/cmmi12.pfb>
</usr/local/texlive/2014/texmf-dist/fonts/type1/public/amsfonts/cm/cmr10.pfb></
usr/local/texlive/2014/texmf-dist/fonts/type1/public/amsfonts/cm/cmr12.pfb></us
r/local/texlive/2014/texmf-dist/fonts/type1/public/amsfonts/cm/cmsy10.pfb></usr
/local/texlive/2014/texmf-dist/fonts/type1/public/amsfonts/cm/cmsy8.pfb></usr/l
ocal/texlive/2014/texmf-dist/fonts/type1/public/eurosym/feymr10.pfb></usr/local
/texlive/2014/texmf-dist/fonts/type1/public/cm-super/sfbx1000.pfb></usr/local/t
exlive/2014/texmf-dist/fonts/type1/public/cm-super/sfbx1440.pfb></usr/local/tex
live/2014/texmf-dist/fonts/type1/public/cm-super/sfbx1728.pfb></usr/local/texli
ve/2014/texmf-dist/fonts/type1/public/cm-super/sfbx2074.pfb></usr/local/texlive
/2014/texmf-dist/fonts/type1/public/cm-super/sfbx2488.pfb></usr/local/texlive/2
014/texmf-dist/fonts/type1/public/cm-super/sfrm1000.pfb></usr/local/texlive/201
4/texmf-dist/fonts/type1/public/cm-super/sfrm1200.pfb></usr/local/texlive/2014/
texmf-dist/fonts/type1/public/cm-super/sfrm1440.pfb></usr/local/texlive/2014/te
xmf-dist/fonts/type1/public/cm-super/sfrm1728.pfb></usr/local/texlive/2014/texm
f-dist/fonts/type1/public/cm-super/sfti1200.pfb></usr/local/texlive/2014/texmf-
dist/fonts/type1/public/cm-super/sfti1440.pfb></usr/local/texlive/2014/texmf-di
st/fonts/type1/public/cm-super/sftt1000.pfb></usr/local/texlive/2014/texmf-dist
/fonts/type1/public/cm-super/sftt1440.pfb>
Output written on report.pdf (39 pages, 1130837 bytes).
PDF statistics:
 442 PDF objects out of 1000 (max. 8388607)
 365 compressed objects within 4 object streams
 76 named destinations out of 1000 (max. 500000)
 173 words of extra memory for PDF output out of 10000 (max. 10000000)

